 Archivo de AMEX procesado a las: 	 2013/01/25 23:30:01 	 Fracasó- No se encontró archivo 
<br /> Archivo de AMEX procesado a las: 	 2013/01/26 23:30:02 	 Fracasó- No se encontró archivo 
<br /> Archivo de AMEX procesado a las: 	 2013/01/27 23:30:01 	 Fracasó- No se encontró archivo 
<br /> Archivo de AMEX procesado a las: 	 2013/01/28 23:30:01 	 Fracasó- No se encontró archivo 
<br /> Archivo de AMEX procesado a las: 	 2013/01/29 23:30:01 	 Fracasó- No se encontró archivo 
<br /> Archivo de AMEX procesado a las: 	 2013/01/30 23:30:01 	 Fracasó- No se encontró archivo 
<br /> Archivo de AMEX procesado a las: 	 2013/01/31 23:30:01 	 Fracasó- No se encontró archivo 
<br /> Archivo de AMEX procesado a las: 	 2013/02/06 23:30:02 	 Éxito 
<br /> Archivo de AMEX procesado a las: 	 2013/02/07 23:30:02 	 Fracasó- No se encontró archivo 
<br /> Archivo de AMEX procesado a las: 	 2013/02/08 23:30:01 	 Fracasó- No se encontró archivo 
<br /> Archivo de AMEX procesado a las: 	 2013/02/09 23:30:01 	 Fracasó- No se encontró archivo 
<br /> Archivo de AMEX procesado a las: 	 2013/02/10 23:30:01 	 Fracasó- No se encontró archivo 
<br /> Archivo de AMEX procesado a las: 	 2013/02/11 23:30:01 	 Éxito 
<br /> Archivo de AMEX procesado a las: 	 2013/02/12 23:30:01 	 Éxito 
<br /> Archivo de AMEX procesado a las: 	 2013/02/13 23:30:01 	 Éxito 
<br /> Archivo de AMEX procesado a las: 	 2013/02/14 23:30:01 	 Éxito 
<br /> Archivo de AMEX procesado a las: 	 2013/02/15 23:30:02 	 Éxito 
<br /> Archivo de AMEX procesado a las: 	 2013/02/16 23:30:02 	 Éxito 
<br /> Archivo de AMEX procesado a las: 	 2013/02/17 23:30:02 	 Éxito 
<br /> Archivo de AMEX procesado a las: 	 2013/02/18 23:30:04 	 Éxito 
<br /> Archivo de AMEX procesado a las: 	 2013/02/19 23:30:01 	 Éxito 
<br /> Archivo de AMEX procesado a las: 	 2013/02/20 23:30:01 	 Error- Ocurrió un error inesperado 
<br /> Archivo de AMEX procesado a las: 	 2013/02/21 23:30:01 	 Éxito 
<br /> Archivo de AMEX procesado a las: 	 2013/02/22 23:30:01 	 Éxito 
<br /> Archivo de AMEX procesado a las: 	 2013/02/23 23:30:01 	 Éxito 
<br /> Archivo de AMEX procesado a las: 	 2013/02/24 23:30:01 	 Éxito 
<br /> Archivo de AMEX procesado a las: 	 2013/02/25 23:30:01 	 Éxito 
<br /> Archivo de AMEX procesado a las: 	 2013/02/26 23:30:02 	 Éxito 
<br /> Archivo de AMEX procesado a las: 	 2013/02/27 23:30:01 	 Éxito 
<br /> Archivo de AMEX procesado a las: 	 2013/02/28 23:30:01 	 Éxito 
<br /> Archivo de AMEX procesado a las: 	 2013/03/01 23:30:01 	 Éxito 
<br /> Archivo de AMEX procesado a las: 	 2013/03/02 23:30:01 	 Éxito 
<br /> Archivo de AMEX procesado a las: 	 2013/03/03 23:30:01 	 Éxito 
<br /> Archivo de AMEX procesado a las: 	 2013/03/04 23:30:01 	 Error- Ocurrió un error inesperado 
<br /> Archivo de AMEX procesado a las: 	 2013/03/05 23:30:01 	 Éxito 
<br /> Archivo de AMEX procesado a las: 	 2013/03/06 23:30:01 	 Éxito 
<br /> Archivo de AMEX procesado a las: 	 2013/03/07 23:30:01 	 Éxito 
<br /> Archivo de AMEX procesado a las: 	 2013/03/08 23:30:01 	 Éxito 
<br /> Archivo de AMEX procesado a las: 	 2013/03/09 23:30:01 	 Éxito 
<br /> Archivo de AMEX procesado a las: 	 2013/03/10 23:30:02 	 Éxito 
<br /> Archivo de AMEX procesado a las: 	 2013/03/11 23:30:01 	 Éxito 
<br /> Archivo de AMEX procesado a las: 	 2013/03/12 23:30:02 	 Éxito 
<br /> Archivo de AMEX procesado a las: 	 2013/03/13 23:30:01 	 Éxito 
<br /> Archivo de AMEX procesado a las: 	 2013/03/14 23:30:01 	 Éxito 
<br /> Archivo de AMEX procesado a las: 	 2013/03/15 23:30:01 	 Éxito 
<br /> Archivo de AMEX procesado a las: 	 2013/03/16 23:30:01 	 Éxito 
<br /> Archivo de AMEX procesado a las: 	 2013/03/17 23:30:01 	 Éxito 
<br /> Archivo de AMEX procesado a las: 	 2013/03/18 23:30:01 	 Éxito 
<br /> Archivo de AMEX procesado a las: 	 2013/03/19 23:30:01 	 Éxito 
<br /> Archivo de AMEX procesado a las: 	 2013/03/20 23:30:01 	 Éxito 
<br /> Archivo de AMEX procesado a las: 	 2013/03/21 23:30:01 	 Éxito 
<br /> Archivo de AMEX procesado a las: 	 2013/03/22 23:30:01 	 Error- Ocurrió un error inesperado 
<br /> Archivo de AMEX procesado a las: 	 2013/03/23 23:30:02 	 Éxito 
<br /> Archivo de AMEX procesado a las: 	 2013/03/24 23:30:01 	 Éxito 
<br /> Archivo de AMEX procesado a las: 	 2013/03/25 23:30:02 	 Éxito 
<br /> Archivo de AMEX procesado a las: 	 2013/03/26 23:30:01 	 Éxito 
<br /> Archivo de AMEX procesado a las: 	 2013/03/27 23:30:01 	 Éxito 
<br /> Archivo de AMEX procesado a las: 	 2013/03/28 23:30:01 	 Éxito 
<br /> Archivo de AMEX procesado a las: 	 2013/03/29 23:30:01 	 Éxito 
<br /> Archivo de AMEX procesado a las: 	 2013/03/30 23:30:01 	 Éxito 
<br /> Archivo de AMEX procesado a las: 	 2013/03/31 23:30:02 	 Éxito 
<br /> Archivo de AMEX procesado a las: 	 2013/04/01 23:30:01 	 Éxito 
<br /> Archivo de AMEX procesado a las: 	 2013/04/02 23:30:01 	 Éxito 
<br /> Archivo de AMEX procesado a las: 	 2013/04/03 23:30:01 	 Éxito 
<br /> Archivo de AMEX procesado a las: 	 2013/04/04 23:30:01 	 Éxito 
<br /> Archivo de AMEX procesado a las: 	 2013/04/05 23:30:02 	 Éxito 
<br /> Archivo de AMEX procesado a las: 	 2013/04/06 23:30:01 	 Éxito 
<br /> Archivo de AMEX procesado a las: 	 2013/04/07 23:30:01 	 Fracasó- No se encontró archivo 
<br /> Archivo de AMEX procesado a las: 	 2013/04/08 23:30:01 	 Fracasó- No se encontró archivo 
<br /> Archivo de AMEX procesado a las: 	 2013/04/09 23:30:02 	 Fracasó- No se encontró archivo 
<br /> Archivo de AMEX procesado a las: 	 2013/04/10 23:30:01 	 Fracasó- No se encontró archivo 
<br /> Archivo de AMEX procesado a las: 	 2013/04/11 23:30:01 	 Fracasó- No se encontró archivo 
<br /> Archivo de AMEX procesado a las: 	 2013/04/12 23:30:01 	 Fracasó- No se encontró archivo 
<br /> Archivo de AMEX procesado a las: 	 2013/04/13 23:30:01 	 Fracasó- No se encontró archivo 
<br /> Archivo de AMEX procesado a las: 	 2013/04/14 23:30:01 	 Fracasó- No se encontró archivo 
<br /> Archivo de AMEX procesado a las: 	 2013/04/15 23:30:01 	 Fracasó- No se encontró archivo 
<br /> Archivo de AMEX procesado a las: 	 2013/04/16 23:30:02 	 Fracasó- No se encontró archivo 
<br /> Archivo de AMEX procesado a las: 	 2013/04/17 23:30:01 	 Fracasó- No se encontró archivo 
<br />